c:\노트북깃허브\free\ckjsonmfc_001\ckjsonmfc_001\debug\ckjsonmfc_001.pch
c:\노트북깃허브\free\ckjsonmfc_001\ckjsonmfc_001\debug\vc140.pdb
c:\노트북깃허브\free\ckjsonmfc_001\ckjsonmfc_001\debug\vc140.idb
c:\노트북깃허브\free\ckjsonmfc_001\ckjsonmfc_001\debug\stdafx.obj
c:\노트북깃허브\free\ckjsonmfc_001\ckjsonmfc_001\debug\ckjsonmfc_001.obj
c:\노트북깃허브\free\ckjsonmfc_001\ckjsonmfc_001\debug\ckjsonmfc_001dlg.obj
c:\노트북깃허브\free\ckjsonmfc_001\debug\ckjsonmfc_001.ilk
c:\노트북깃허브\free\ckjsonmfc_001\debug\ckjsonmfc_001.exe
c:\노트북깃허브\free\ckjsonmfc_001\debug\ckjsonmfc_001.pdb
c:\노트북깃허브\free\ckjsonmfc_001\ckjsonmfc_001\debug\ckjsonmfc_001.res
c:\노트북깃허브\free\ckjsonmfc_001\ckjsonmfc_001\debug\ckjsonmfc_001.ilk
c:\노트북깃허브\free\ckjsonmfc_001\ckjsonmfc_001\debug\ckjsonmfc_001.pdb
c:\노트북깃허브\free\ckjsonmfc_001\ckjsonmfc_001\debug\ckjsonmfc_001.tlog\cl.command.1.tlog
c:\노트북깃허브\free\ckjsonmfc_001\ckjsonmfc_001\debug\ckjsonmfc_001.tlog\cl.read.1.tlog
c:\노트북깃허브\free\ckjsonmfc_001\ckjsonmfc_001\debug\ckjsonmfc_001.tlog\cl.write.1.tlog
c:\노트북깃허브\free\ckjsonmfc_001\ckjsonmfc_001\debug\ckjsonmfc_001.tlog\link.command.1.tlog
c:\노트북깃허브\free\ckjsonmfc_001\ckjsonmfc_001\debug\ckjsonmfc_001.tlog\link.read.1.tlog
c:\노트북깃허브\free\ckjsonmfc_001\ckjsonmfc_001\debug\ckjsonmfc_001.tlog\link.write.1.tlog
c:\노트북깃허브\free\ckjsonmfc_001\ckjsonmfc_001\debug\ckjsonmfc_001.tlog\rc.command.1.tlog
c:\노트북깃허브\free\ckjsonmfc_001\ckjsonmfc_001\debug\ckjsonmfc_001.tlog\rc.read.1.tlog
c:\노트북깃허브\free\ckjsonmfc_001\ckjsonmfc_001\debug\ckjsonmfc_001.tlog\rc.write.1.tlog
